2019-10-16 08:31:36.041  INFO 168 --- [main] com.aardwark.players.PlayersApplication  : Starting PlayersApplication on LAPTOP-81GHQDM4 with PID 168 (D:\Projects.aardwark\git\players\bin\main started by peter in D:\Projects.aardwark\git\players)
2019-10-16 08:31:36.045  INFO 168 --- [main] com.aardwark.players.PlayersApplication  : No active profile set, falling back to default profiles: default
2019-10-16 08:31:36.547  INFO 168 --- [main] .s.d.r.c.RepositoryConfigurationDelegate : Bootstrapping Spring Data repositories in DEFAULT mode.
2019-10-16 08:31:36.597  INFO 168 --- [main] .s.d.r.c.RepositoryConfigurationDelegate : Finished Spring Data repository scanning in 42ms. Found 1 repository interfaces.
2019-10-16 08:31:36.827  INFO 168 --- [main] trationDelegate$BeanPostProcessorChecker : Bean 'org.springframework.transaction.annotation.ProxyTransactionManagementConfiguration' of type [org.springframework.transaction.annotation.ProxyTransactionManagementConfiguration$$EnhancerBySpringCGLIB$$46fb3533] is not eligible for getting processed by all BeanPostProcessors (for example: not eligible for auto-proxying)
2019-10-16 08:31:37.024  INFO 168 --- [main] o.s.b.w.embedded.tomcat.TomcatWebServer  : Tomcat initialized with port(s): 1234 (http)
2019-10-16 08:31:37.040  INFO 168 --- [main] o.apache.catalina.core.StandardService   : Starting service [Tomcat]
2019-10-16 08:31:37.040  INFO 168 --- [main] org.apache.catalina.core.StandardEngine  : Starting Servlet engine: [Apache Tomcat/9.0.26]
2019-10-16 08:31:37.118  INFO 168 --- [main] o.a.c.c.C.[Tomcat].[localhost].[/]       : Initializing Spring embedded WebApplicationContext
2019-10-16 08:31:37.119 DEBUG 168 --- [main] o.s.web.context.ContextLoader            : Published root WebApplicationContext as ServletContext attribute with name [org.springframework.web.context.WebApplicationContext.ROOT]
2019-10-16 08:31:37.119  INFO 168 --- [main] o.s.web.context.ContextLoader            : Root WebApplicationContext: initialization completed in 1041 ms
2019-10-16 08:31:37.191  INFO 168 --- [main] com.zaxxer.hikari.HikariDataSource       : HikariPool-1 - Starting...
2019-10-16 08:31:37.267  INFO 168 --- [main] com.zaxxer.hikari.HikariDataSource       : HikariPool-1 - Start completed.
2019-10-16 08:31:37.386  INFO 168 --- [main] o.hibernate.jpa.internal.util.LogHelper  : HHH000204: Processing PersistenceUnitInfo [
	name: default
	...]
2019-10-16 08:31:37.505  INFO 168 --- [main] org.hibernate.Version                    : HHH000412: Hibernate Core {5.3.12.Final}
2019-10-16 08:31:37.507  INFO 168 --- [main] org.hibernate.cfg.Environment            : HHH000206: hibernate.properties not found
2019-10-16 08:31:37.649  INFO 168 --- [main] o.hibernate.annotations.common.Version   : HCANN000001: Hibernate Commons Annotations {5.0.4.Final}
2019-10-16 08:31:37.764  INFO 168 --- [main] org.hibernate.dialect.Dialect            : HHH000400: Using dialect: org.hibernate.dialect.PostgreSQLDialect
2019-10-16 08:31:37.779  INFO 168 --- [main] o.h.e.j.e.i.LobCreatorBuilderImpl        : HHH000422: Disabling contextual LOB creation as connection was null
2019-10-16 08:31:37.785  INFO 168 --- [main] org.hibernate.type.BasicTypeRegistry     : HHH000270: Type registration [java.util.UUID] overrides previous : org.hibernate.type.UUIDBinaryType@1cc680e
2019-10-16 08:31:38.318  INFO 168 --- [main] j.LocalContainerEntityManagerFactoryBean : Initialized JPA EntityManagerFactory for persistence unit 'default'
2019-10-16 08:31:38.351 DEBUG 168 --- [main] o.s.w.s.handler.SimpleUrlHandlerMapping  : Patterns [/**/favicon.ico] in 'faviconHandlerMapping'
2019-10-16 08:31:38.670  INFO 168 --- [main] o.s.s.concurrent.ThreadPoolTaskExecutor  : Initializing ExecutorService 'applicationTaskExecutor'
2019-10-16 08:31:38.680 DEBUG 168 --- [main] s.w.s.m.m.a.RequestMappingHandlerAdapter : ControllerAdvice beans: 0 @ModelAttribute, 0 @InitBinder, 1 RequestBodyAdvice, 1 ResponseBodyAdvice
2019-10-16 08:31:38.698  WARN 168 --- [main] aWebConfiguration$JpaWebMvcConfiguration : spring.jpa.open-in-view is enabled by default. Therefore, database queries may be performed during view rendering. Explicitly configure spring.jpa.open-in-view to disable this warning
2019-10-16 08:31:38.715 DEBUG 168 --- [main] s.w.s.m.m.a.RequestMappingHandlerMapping : 2 mappings in 'requestMappingHandlerMapping'
2019-10-16 08:31:38.728 DEBUG 168 --- [main] o.s.w.s.handler.SimpleUrlHandlerMapping  : Patterns [/webjars/**, /**] in 'resourceHandlerMapping'
2019-10-16 08:31:38.736 DEBUG 168 --- [main] .m.m.a.ExceptionHandlerExceptionResolver : ControllerAdvice beans: 0 @ExceptionHandler, 1 ResponseBodyAdvice
2019-10-16 08:31:38.877  INFO 168 --- [main] o.s.b.w.embedded.tomcat.TomcatWebServer  : Tomcat started on port(s): 1234 (http) with context path ''
2019-10-16 08:31:38.879  INFO 168 --- [main] com.aardwark.players.PlayersApplication  : Started PlayersApplication in 3.184 seconds (JVM running for 3.993)
2019-10-16 08:31:38.880  INFO 168 --- [main] c.a.players.PlayersCommandLineRunner     : --- Starting players command line application -----------------------------------------
2019-10-16 08:31:42.783  INFO 168 --- [main] c.a.players.PlayersCommandLineRunner     : --- Ending players command line application -----------------------------------------
2019-10-16 08:31:46.410  INFO 168 --- [RMI TCP Connection(2)-127.0.0.1] inMXBeanRegistrar$SpringApplicationAdmin : Application shutdown requested.
2019-10-16 08:31:46.412  INFO 168 --- [RMI TCP Connection(2)-127.0.0.1] o.s.s.concurrent.ThreadPoolTaskExecutor  : Shutting down ExecutorService 'applicationTaskExecutor'
2019-10-16 08:31:46.413  INFO 168 --- [RMI TCP Connection(2)-127.0.0.1] j.LocalContainerEntityManagerFactoryBean : Closing JPA EntityManagerFactory for persistence unit 'default'
2019-10-16 08:31:46.415  INFO 168 --- [RMI TCP Connection(2)-127.0.0.1] com.zaxxer.hikari.HikariDataSource       : HikariPool-1 - Shutdown initiated...
2019-10-16 08:31:46.418  INFO 168 --- [RMI TCP Connection(2)-127.0.0.1] com.zaxxer.hikari.HikariDataSource       : HikariPool-1 - Shutdown completed.
